51
0.0561349391937
81
0.0120871067047
49
0.0463099479675
30
0.0813980102539
58
0.0311579704285
40
0.118391990662
34
0.0860779285431
72
0.016364812851
56
0.0949051380157
15
0.221911907196
53
0.105667114258
28
0.120018005371
70
0.0204019546509
67
0.0222911834717
55
0.0371558666229
23
0.123355150223
81
0.00681090354919
76
0.0114390850067
53
0.0394690036774
24
0.138406038284
31
0.100638866425
69
0.0211930274963
81
0.00581288337708
16
0.156424999237
16
0.155440092087
69
0.100779056549
61
0.0446150302887
100
5.3882598877e-05
100
0.000152111053467
72
0.0178239345551
30
0.235528945923
18
0.186264038086
99
8.39233398438e-05
29
0.116664886475
27
0.128341913223
76
0.0143260955811
39
0.0726330280304
95
0.00115990638733
28
0.140423059464
85
0.0187270641327
58
0.0492689609528
33
0.0910499095917
15
0.136204957962
77
0.039922952652
50
0.0502948760986
23
0.148852825165
61
0.0434150695801
97
0.00028395652771
92
0.00170493125916
84
0.0148520469666
35
0.281675815582
40
0.313393115997
72
0.015095949173
45
0.0576009750366
62
0.0404570102692
92
0.00128293037415
75
0.0111019611359
91
0.00357508659363
92
0.00841999053955
46
0.0511958599091
37
0.20766711235
24
0.173765897751
40
0.0507237911224
45
0.0579268932343
25
0.116852998734
94
0.00208806991577
48
0.072536945343
61
0.087718963623
56
0.0285851955414
99
0.000108957290649
38
0.0956599712372
92
0.00221395492554
46
0.0634489059448
51
0.0421469211578
38
0.0852210521698
56
0.0604610443115
29
0.103837013245
83
0.00649499893188
20
0.153888225555
39
0.190274953842
66
0.0295920372009
21
0.22300696373
63
0.0433859825134
91
0.00239300727844
64
0.0418338775635
16
0.232517957687
44
0.0693380832672
98
0.000378131866455
64
0.0265510082245
32
0.109174013138
55
0.053092956543
58
0.0483028888702
80
0.0103650093079
41
0.236925125122
19
0.208474874496
96
0.00109910964966
85
0.00475001335144
17
0.110754966736
74
0.0127658843994
46
0.0643038749695
